<?xml version="1.0" encoding="UTF-8"?>
<!-- Generated by org.testng.reporters.JUnitXMLReporter -->
<testsuite ignored="0" hostname="DESKTOP-ROFA72B" failures="0" tests="3" name="Default test" time="0.136" errors="0" timestamp="2023-09-25T21:52:25 IST">
  <testcase classname="com.test.SeleniumAutomation.TestCases.DepandanctTest" name="test2" time="0.016"/>
  <testcase classname="com.test.SeleniumAutomation.TestCases.DepandanctTest" name="test3" time="0.003"/>
  <testcase classname="com.test.SeleniumAutomation.TestCases.DepandanctTest" name="test1" time="0.002"/>
</testsuite> <!-- Default test -->
