<?xml version="1.0" encoding="UTF-8"?>
<!-- Generated by org.testng.reporters.JUnitXMLReporter -->
<testsuite ignored="0" hostname="DESKTOP-ROFA72B" failures="0" tests="3" name="Test2" time="0.113" errors="0" timestamp="2023-08-30T11:40:26 IST">
  <testcase classname="com.test.SeleniumAutomation.TestCases.DepandanctTest2" name="test2" time="0.0">
    <skipped/>
  </testcase> <!-- test2 -->
  <testcase classname="com.test.SeleniumAutomation.TestCases.DepandanctTest2" name="test3" time="0.0">
    <skipped/>
  </testcase> <!-- test3 -->
  <testcase classname="com.test.SeleniumAutomation.TestCases.DepandanctTest2" name="test1" time="0.0">
    <skipped/>
  </testcase> <!-- test1 -->
</testsuite> <!-- Test2 -->
