<?xml version="1.0" encoding="UTF-8"?>
<!-- Generated by org.testng.reporters.JUnitXMLReporter -->
<testsuite ignored="0" hostname="DESKTOP-ROFA72B" failures="0" tests="3" name="Test" time="0.146" errors="0" timestamp="2023-08-30T11:19:34 IST">
  <testcase classname="com.test.SeleniumAutomation.TestCases.DepandanctTest" name="test2" time="0.019"/>
  <testcase classname="com.test.SeleniumAutomation.TestCases.DepandanctTest" name="test3" time="0.006"/>
  <testcase classname="com.test.SeleniumAutomation.TestCases.DepandanctTest" name="test1" time="0.004"/>
</testsuite> <!-- Test -->
