<?xml version="1.0" encoding="UTF-8"?>
<!-- Generated by org.testng.reporters.JUnitXMLReporter -->
<testsuite ignored="2" hostname="DESKTOP-ROFA72B" failures="0" tests="4" name="Test" time="0.236" errors="0" timestamp="2023-09-13T13:26:03 IST">
  <testcase classname="com.test.SeleniumAutomation.TestCases.TestNGAnnotationTest" name="f1" time="0.037"/>
  <testcase classname="com.test.SeleniumAutomation.TestCases.TestNGAnnotationTest" name="f2" time="0.006"/>
  <testcase classname="com.test.SeleniumAutomation.TestCases.TestNGAnnotationTest2" name="f1" time="0.003"/>
  <testcase classname="com.test.SeleniumAutomation.TestCases.TestNGAnnotationTest2" name="f2" time="0.003"/>
  <testcase classname="com.test.SeleniumAutomation.TestCases.TestNGAnnotationTest" name="f3" time="0.0">
    <ignored/>
  </testcase> <!-- f3 -->
  <testcase classname="com.test.SeleniumAutomation.TestCases.TestNGAnnotationTest2" name="f3" time="0.0">
    <ignored/>
  </testcase> <!-- f3 -->
</testsuite> <!-- Test -->
